<?xml version="1.0" encoding="UTF-8"?>
<!-- Generated by org.testng.reporters.JUnitReportReporter -->
<testsuite name="ccom.valtech.testMethods.TC01_verifyHomePageMenuItems" tests="4" time="0.001" ignored="1" failures="0" timestamp="25 Feb 2019 19:15:58 GMT" skipped="3" hostname="RameshKudikalas-MacBook-Air.local" errors="1">
  <testcase name="TS02_verifyServices" time="0.001" classname="ccom.valtech.testMethods.TC01_verifyHomePageMenuItems">
    <skipped/>
  </testcase> <!-- TS02_verifyServices -->
  <testcase name="TS03_verifyWork" time="0.000" classname="ccom.valtech.testMethods.TC01_verifyHomePageMenuItems">
    <skipped/>
  </testcase> <!-- TS03_verifyWork -->
  <testcase name="clickAboutMenu" time="0.000" classname="ccom.valtech.testMethods.TC01_verifyHomePageMenuItems">
    <skipped/>
  </testcase> <!-- clickAboutMenu -->
  <testcase name="setUp" time="0.000" classname="ccom.valtech.testMethods.TC01_verifyHomePageMenuItems">
    <error type="java.lang.NullPointerException">
      <![CDATA[java.lang.NullPointerException
	at com.valtech.testBase.TestBase.initialize(TestBase.java:69)
	at ccom.valtech.testMethods.TC01_verifyHomePageMenuItems.setUp(TC01_verifyHomePageMenuItems.java:39)
	at sun.reflect.NativeMethodAccessorImpl.invoke0(Native Method)
	at sun.reflect.NativeMethodAccessorImpl.invoke(NativeMethodAccessorImpl.java:62)
	at sun.reflect.DelegatingMethodAccessorImpl.invoke(DelegatingMethodAccessorImpl.java:43)
	at java.lang.reflect.Method.invoke(Method.java:498)
	at org.testng.internal.MethodInvocationHelper.invokeMethod(MethodInvocationHelper.java:104)
	at org.testng.internal.Invoker.invokeConfigurationMethod(Invoker.java:515)
	at org.testng.internal.Invoker.invokeConfigurations(Invoker.java:217)
	at org.testng.internal.Invoker.invokeConfigurations(Invoker.java:144)
	at org.testng.SuiteRunner.privateRun(SuiteRunner.java:326)
	at org.testng.SuiteRunner.run(SuiteRunner.java:289)
	at org.testng.SuiteRunnerWorker.runSuite(SuiteRunnerWorker.java:52)
	at org.testng.SuiteRunnerWorker.run(SuiteRunnerWorker.java:86)
	at org.testng.TestNG.runSuitesSequentially(TestNG.java:1293)
	at org.testng.TestNG.runSuitesLocally(TestNG.java:1218)
	at org.testng.TestNG.runSuites(TestNG.java:1133)
	at org.testng.TestNG.run(TestNG.java:1104)
	at org.apache.maven.surefire.testng.TestNGExecutor.run(TestNGExecutor.java:281)
	at org.apache.maven.surefire.testng.TestNGXmlTestSuite.execute(TestNGXmlTestSuite.java:75)
	at org.apache.maven.surefire.testng.TestNGProvider.invoke(TestNGProvider.java:121)
	at org.apache.maven.surefire.booter.ForkedBooter.invokeProviderInSameClassLoader(ForkedBooter.java:290)
	at org.apache.maven.surefire.booter.ForkedBooter.runSuitesInProcess(ForkedBooter.java:242)
	at org.apache.maven.surefire.booter.ForkedBooter.main(ForkedBooter.java:121)
]]>
    </error>
  </testcase> <!-- setUp -->
  <testcase name="TS01_verifyRecentBlogs" classname="ccom.valtech.testMethods.TC01_verifyHomePageMenuItems">
    <skipped/>
  </testcase> <!-- TS01_verifyRecentBlogs -->
</testsuite> <!-- ccom.valtech.testMethods.TC01_verifyHomePageMenuItems -->
